ARM GAS  C:\Users\Lenovo\AppData\Local\Temp\ccm673ka.s 			page 1


   1              		.cpu cortex-m3
   2              		.eabi_attribute 20, 1
   3              		.eabi_attribute 21, 1
   4              		.eabi_attribute 23, 3
   5              		.eabi_attribute 24, 1
   6              		.eabi_attribute 25, 1
   7              		.eabi_attribute 26, 1
   8              		.eabi_attribute 30, 1
   9              		.eabi_attribute 34, 1
  10              		.eabi_attribute 18, 4
  11              		.file	"gpio.c"
  12              		.text
  13              	.Ltext0:
  14              		.cfi_sections	.debug_frame
  15              		.section	.text.MX_GPIO_Init,"ax",%progbits
  16              		.align	1
  17              		.global	MX_GPIO_Init
  18              		.arch armv7-m
  19              		.syntax unified
  20              		.thumb
  21              		.thumb_func
  22              		.fpu softvfp
  24              	MX_GPIO_Init:
  25              	.LFB65:
  26              		.file 1 "../Core/Src/gpio.c"
   1:../Core/Src/gpio.c **** 
  27              		.loc 1 37 1 view -0
  28              		.cfi_startproc
  29              		@ args = 0, pretend = 0, frame = 32
  30              		@ frame_needed = 0, uses_anonymous_args = 0
  31 0000 2DE9F047 		push	{r4, r5, r6, r7, r8, r9, r10, lr}
  32              	.LCFI0:
  33              		.cfi_def_cfa_offset 32
  34              		.cfi_offset 4, -32
  35              		.cfi_offset 5, -28
  36              		.cfi_offset 6, -24
  37              		.cfi_offset 7, -20
  38              		.cfi_offset 8, -16
  39              		.cfi_offset 9, -12
  40              		.cfi_offset 10, -8
  41              		.cfi_offset 14, -4
  42 0004 88B0     		sub	sp, sp, #32
  43              	.LCFI1:
  44              		.cfi_def_cfa_offset 64
  45              		.loc 1 39 3 view .LVU1
  46              		.loc 1 39 20 is_stmt 0 view .LVU2
  47 0006 0024     		movs	r4, #0
  48 0008 0494     		str	r4, [sp, #16]
  49 000a 0594     		str	r4, [sp, #20]
  50 000c 0694     		str	r4, [sp, #24]
  51 000e 0794     		str	r4, [sp, #28]
  52              		.loc 1 42 3 is_stmt 1 view .LVU3
  53              	.LBB2:
  54              		.loc 1 42 3 view .LVU4
  55              		.loc 1 42 3 view .LVU5
  56 0010 3A4B     		ldr	r3, .L3
  57 0012 9A69     		ldr	r2, [r3, #24]
ARM GAS  C:\Users\Lenovo\AppData\Local\Temp\ccm673ka.s 			page 2


  58 0014 42F01002 		orr	r2, r2, #16
  59 0018 9A61     		str	r2, [r3, #24]
  60              		.loc 1 42 3 view .LVU6
  61 001a 9A69     		ldr	r2, [r3, #24]
  62 001c 02F01002 		and	r2, r2, #16
  63 0020 0192     		str	r2, [sp, #4]
  64              		.loc 1 42 3 view .LVU7
  65 0022 019A     		ldr	r2, [sp, #4]
  66              	.LBE2:
  67              		.loc 1 42 3 view .LVU8
  68              		.loc 1 43 3 view .LVU9
  69              	.LBB3:
  70              		.loc 1 43 3 view .LVU10
  71              		.loc 1 43 3 view .LVU11
  72 0024 9A69     		ldr	r2, [r3, #24]
  73 0026 42F00402 		orr	r2, r2, #4
  74 002a 9A61     		str	r2, [r3, #24]
  75              		.loc 1 43 3 view .LVU12
  76 002c 9A69     		ldr	r2, [r3, #24]
  77 002e 02F00402 		and	r2, r2, #4
  78 0032 0292     		str	r2, [sp, #8]
  79              		.loc 1 43 3 view .LVU13
  80 0034 029A     		ldr	r2, [sp, #8]
  81              	.LBE3:
  82              		.loc 1 43 3 view .LVU14
  83              		.loc 1 44 3 view .LVU15
  84              	.LBB4:
  85              		.loc 1 44 3 view .LVU16
  86              		.loc 1 44 3 view .LVU17
  87 0036 9A69     		ldr	r2, [r3, #24]
  88 0038 42F00802 		orr	r2, r2, #8
  89 003c 9A61     		str	r2, [r3, #24]
  90              		.loc 1 44 3 view .LVU18
  91 003e 9B69     		ldr	r3, [r3, #24]
  92 0040 03F00803 		and	r3, r3, #8
  93 0044 0393     		str	r3, [sp, #12]
  94              		.loc 1 44 3 view .LVU19
  95 0046 039B     		ldr	r3, [sp, #12]
  96              	.LBE4:
  97              		.loc 1 44 3 view .LVU20
  98              		.loc 1 47 3 view .LVU21
  99 0048 DFF8B4A0 		ldr	r10, .L3+4
 100 004c 2246     		mov	r2, r4
 101 004e 7F21     		movs	r1, #127
 102 0050 5046     		mov	r0, r10
 103 0052 2C4D     		ldr	r5, .L3+8
 104 0054 A847     		blx	r5
 105              	.LVL0:
 106              		.loc 1 51 3 view .LVU22
 107 0056 DFF8B090 		ldr	r9, .L3+12
 108 005a 2246     		mov	r2, r4
 109 005c 1E21     		movs	r1, #30
 110 005e 4846     		mov	r0, r9
 111 0060 A847     		blx	r5
 112              	.LVL1:
 113              		.loc 1 54 3 view .LVU23
 114 0062 2A4F     		ldr	r7, .L3+16
ARM GAS  C:\Users\Lenovo\AppData\Local\Temp\ccm673ka.s 			page 3


 115 0064 2246     		mov	r2, r4
 116 0066 0F21     		movs	r1, #15
 117 0068 3846     		mov	r0, r7
 118 006a A847     		blx	r5
 119              	.LVL2:
 120              		.loc 1 58 3 view .LVU24
 121              		.loc 1 58 23 is_stmt 0 view .LVU25
 122 006c 7F23     		movs	r3, #127
 123 006e 0493     		str	r3, [sp, #16]
 124              		.loc 1 60 3 is_stmt 1 view .LVU26
 125              		.loc 1 60 24 is_stmt 0 view .LVU27
 126 0070 4FF00108 		mov	r8, #1
 127 0074 CDF81480 		str	r8, [sp, #20]
 128              		.loc 1 61 3 is_stmt 1 view .LVU28
 129              		.loc 1 61 24 is_stmt 0 view .LVU29
 130 0078 0226     		movs	r6, #2
 131 007a 0696     		str	r6, [sp, #24]
 132              		.loc 1 62 3 is_stmt 1 view .LVU30
 133              		.loc 1 62 25 is_stmt 0 view .LVU31
 134 007c 0796     		str	r6, [sp, #28]
 135              		.loc 1 63 3 is_stmt 1 view .LVU32
 136 007e 04A9     		add	r1, sp, #16
 137 0080 5046     		mov	r0, r10
 138 0082 234D     		ldr	r5, .L3+20
 139 0084 A847     		blx	r5
 140              	.LVL3:
 141              		.loc 1 66 3 view .LVU33
 142              		.loc 1 66 23 is_stmt 0 view .LVU34
 143 0086 1E23     		movs	r3, #30
 144 0088 0493     		str	r3, [sp, #16]
 145              		.loc 1 67 3 is_stmt 1 view .LVU35
 146              		.loc 1 67 24 is_stmt 0 view .LVU36
 147 008a CDF81480 		str	r8, [sp, #20]
 148              		.loc 1 68 3 is_stmt 1 view .LVU37
 149              		.loc 1 68 24 is_stmt 0 view .LVU38
 150 008e 0696     		str	r6, [sp, #24]
 151              		.loc 1 69 3 is_stmt 1 view .LVU39
 152              		.loc 1 69 25 is_stmt 0 view .LVU40
 153 0090 0796     		str	r6, [sp, #28]
 154              		.loc 1 70 3 is_stmt 1 view .LVU41
 155 0092 04A9     		add	r1, sp, #16
 156 0094 4846     		mov	r0, r9
 157 0096 A847     		blx	r5
 158              	.LVL4:
 159              		.loc 1 73 3 view .LVU42
 160              		.loc 1 73 23 is_stmt 0 view .LVU43
 161 0098 0F23     		movs	r3, #15
 162 009a 0493     		str	r3, [sp, #16]
 163              		.loc 1 74 3 is_stmt 1 view .LVU44
 164              		.loc 1 74 24 is_stmt 0 view .LVU45
 165 009c CDF81480 		str	r8, [sp, #20]
 166              		.loc 1 75 3 is_stmt 1 view .LVU46
 167              		.loc 1 75 24 is_stmt 0 view .LVU47
 168 00a0 CDF81880 		str	r8, [sp, #24]
 169              		.loc 1 76 3 is_stmt 1 view .LVU48
 170              		.loc 1 76 25 is_stmt 0 view .LVU49
 171 00a4 0796     		str	r6, [sp, #28]
ARM GAS  C:\Users\Lenovo\AppData\Local\Temp\ccm673ka.s 			page 4


 172              		.loc 1 77 3 is_stmt 1 view .LVU50
 173 00a6 04A9     		add	r1, sp, #16
 174 00a8 3846     		mov	r0, r7
 175 00aa A847     		blx	r5
 176              	.LVL5:
 177              		.loc 1 80 3 view .LVU51
 178              		.loc 1 80 23 is_stmt 0 view .LVU52
 179 00ac 4FF4C053 		mov	r3, #6144
 180 00b0 0493     		str	r3, [sp, #16]
 181              		.loc 1 81 3 is_stmt 1 view .LVU53
 182              		.loc 1 81 24 is_stmt 0 view .LVU54
 183 00b2 184E     		ldr	r6, .L3+24
 184 00b4 0596     		str	r6, [sp, #20]
 185              		.loc 1 82 3 is_stmt 1 view .LVU55
 186              		.loc 1 82 24 is_stmt 0 view .LVU56
 187 00b6 0694     		str	r4, [sp, #24]
 188              		.loc 1 83 3 is_stmt 1 view .LVU57
 189 00b8 04A9     		add	r1, sp, #16
 190 00ba 4846     		mov	r0, r9
 191 00bc A847     		blx	r5
 192              	.LVL6:
 193              		.loc 1 86 3 view .LVU58
 194              		.loc 1 86 23 is_stmt 0 view .LVU59
 195 00be 7023     		movs	r3, #112
 196 00c0 0493     		str	r3, [sp, #16]
 197              		.loc 1 87 3 is_stmt 1 view .LVU60
 198              		.loc 1 87 24 is_stmt 0 view .LVU61
 199 00c2 0594     		str	r4, [sp, #20]
 200              		.loc 1 88 3 is_stmt 1 view .LVU62
 201              		.loc 1 88 24 is_stmt 0 view .LVU63
 202 00c4 0694     		str	r4, [sp, #24]
 203              		.loc 1 89 3 is_stmt 1 view .LVU64
 204 00c6 04A9     		add	r1, sp, #16
 205 00c8 3846     		mov	r0, r7
 206 00ca A847     		blx	r5
 207              	.LVL7:
 208              		.loc 1 92 3 view .LVU65
 209              		.loc 1 92 23 is_stmt 0 view .LVU66
 210 00cc 8023     		movs	r3, #128
 211 00ce 0493     		str	r3, [sp, #16]
 212              		.loc 1 93 3 is_stmt 1 view .LVU67
 213              		.loc 1 93 24 is_stmt 0 view .LVU68
 214 00d0 0596     		str	r6, [sp, #20]
 215              		.loc 1 94 3 is_stmt 1 view .LVU69
 216              		.loc 1 94 24 is_stmt 0 view .LVU70
 217 00d2 0694     		str	r4, [sp, #24]
 218              		.loc 1 95 3 is_stmt 1 view .LVU71
 219 00d4 04A9     		add	r1, sp, #16
 220 00d6 3846     		mov	r0, r7
 221 00d8 A847     		blx	r5
 222              	.LVL8:
 223              		.loc 1 98 3 view .LVU72
 224 00da 2246     		mov	r2, r4
 225 00dc 0521     		movs	r1, #5
 226 00de 1720     		movs	r0, #23
 227 00e0 0D4E     		ldr	r6, .L3+28
 228 00e2 B047     		blx	r6
ARM GAS  C:\Users\Lenovo\AppData\Local\Temp\ccm673ka.s 			page 5


 229              	.LVL9:
 230              		.loc 1 99 3 view .LVU73
 231 00e4 1720     		movs	r0, #23
 232 00e6 0D4D     		ldr	r5, .L3+32
 233 00e8 A847     		blx	r5
 234              	.LVL10:
 235              		.loc 1 101 3 view .LVU74
 236 00ea 2246     		mov	r2, r4
 237 00ec 0521     		movs	r1, #5
 238 00ee 2820     		movs	r0, #40
 239 00f0 B047     		blx	r6
 240              	.LVL11:
 241              		.loc 1 102 3 view .LVU75
 242 00f2 2820     		movs	r0, #40
 243 00f4 A847     		blx	r5
 244              	.LVL12:
 245              		.loc 1 104 1 is_stmt 0 view .LVU76
 246 00f6 08B0     		add	sp, sp, #32
 247              	.LCFI2:
 248              		.cfi_def_cfa_offset 32
 249              		@ sp needed
 250 00f8 BDE8F087 		pop	{r4, r5, r6, r7, r8, r9, r10, pc}
 251              	.L4:
 252              		.align	2
 253              	.L3:
 254 00fc 00100240 		.word	1073876992
 255 0100 00100140 		.word	1073811456
 256 0104 00000000 		.word	HAL_GPIO_WritePin
 257 0108 00080140 		.word	1073809408
 258 010c 000C0140 		.word	1073810432
 259 0110 00000000 		.word	HAL_GPIO_Init
 260 0114 00001110 		.word	269549568
 261 0118 00000000 		.word	HAL_NVIC_SetPriority
 262 011c 00000000 		.word	HAL_NVIC_EnableIRQ
 263              		.cfi_endproc
 264              	.LFE65:
 266              		.text
 267              	.Letext0:
 268              		.file 2 "../c:\\users\\lenovo\\desktop\\gnu mcu\\arm-none-eabi-gcc-10.2.1-1.1\\arm-none-eabi\\incl
 269              		.file 3 "../c:\\users\\lenovo\\desktop\\gnu mcu\\arm-none-eabi-gcc-10.2.1-1.1\\arm-none-eabi\\incl
 270              		.file 4 "../Drivers/CMSIS/Device/ST/STM32F1xx/Include/stm32f103x6.h"
 271              		.file 5 "../Drivers/STM32F1xx_HAL_Driver/Inc/stm32f1xx_hal_gpio.h"
 272              		.file 6 "../Drivers/STM32F1xx_HAL_Driver/Inc/stm32f1xx_hal_cortex.h"
ARM GAS  C:\Users\Lenovo\AppData\Local\Temp\ccm673ka.s 			page 6


DEFINED SYMBOLS
                            *ABS*:0000000000000000 gpio.c
C:\Users\Lenovo\AppData\Local\Temp\ccm673ka.s:16     .text.MX_GPIO_Init:0000000000000000 $t
C:\Users\Lenovo\AppData\Local\Temp\ccm673ka.s:24     .text.MX_GPIO_Init:0000000000000000 MX_GPIO_Init
C:\Users\Lenovo\AppData\Local\Temp\ccm673ka.s:254    .text.MX_GPIO_Init:00000000000000fc $d

UNDEFINED SYMBOLS
HAL_GPIO_WritePin
HAL_GPIO_Init
HAL_NVIC_SetPriority
HAL_NVIC_EnableIRQ
